Using pre-set license
Built from '2021.3/staging' branch; Version is '2021.3.2f1 (d6360bedb9a0) revision 14038539'; Using compiler version '192829333'; Build Type 'Release'
OS: 'Windows 11  (10.0.22621) 64bit Core' Language: 'ja' Physical Memory: 32604 MB
BatchMode: 1, IsHumanControllingUs: 0, StartBugReporterOnCrash: 0, Is64bit: 1, IsPro: 1

COMMAND LINE ARGUMENTS:
C:\Program Files\Unity\Hub\Editor\2021.3.2f1\Editor\Unity.exe
-adb2
-batchMode
-noUpm
-name
AssetImportWorker2
-projectPath
C:/UnityProjects/CardBattle
-logFile
Logs/AssetImportWorker2.log
-srvPort
55421
Successfully changed project path to: C:/UnityProjects/CardBattle
C:/UnityProjects/CardBattle
[UnityMemory] Configuration Parameters - Can be set up in boot.config
    "memorysetup-bucket-allocator-granularity=16"
    "memorysetup-bucket-allocator-bucket-count=8"
    "memorysetup-bucket-allocator-block-size=33554432"
    "memorysetup-bucket-allocator-block-count=8"
    "memorysetup-main-allocator-block-size=16777216"
    "memorysetup-thread-allocator-block-size=16777216"
    "memorysetup-gfx-main-allocator-block-size=16777216"
    "memorysetup-gfx-thread-allocator-block-size=16777216"
    "memorysetup-cache-allocator-block-size=4194304"
    "memorysetup-typetree-allocator-block-size=2097152"
    "memorysetup-profiler-bucket-allocator-granularity=16"
    "memorysetup-profiler-bucket-allocator-bucket-count=8"
    "memorysetup-profiler-bucket-allocator-block-size=33554432"
    "memorysetup-profiler-bucket-allocator-block-count=8"
    "memorysetup-profiler-allocator-block-size=16777216"
    "memorysetup-profiler-editor-allocator-block-size=1048576"
    "memorysetup-temp-allocator-size-main=16777216"
    "memorysetup-job-temp-allocator-block-size=2097152"
    "memorysetup-job-temp-allocator-block-size-background=1048576"
    "memorysetup-job-temp-allocator-reduction-small-platforms=262144"
    "memorysetup-temp-allocator-size-background-worker=32768"
    "memorysetup-temp-allocator-size-job-worker=262144"
    "memorysetup-temp-allocator-size-preload-manager=33554432"
    "memorysetup-temp-allocator-size-nav-mesh-worker=65536"
    "memorysetup-temp-allocator-size-audio-worker=65536"
    "memorysetup-temp-allocator-size-cloud-worker=32768"
    "memorysetup-temp-allocator-size-gi-baking-worker=262144"
    "memorysetup-temp-allocator-size-gfx=262144"
Refreshing native plugins compatible for Editor in 50.47 ms, found 3 plugins.
Preloading 0 native plugins for Editor in 0.00 ms.
Initialize engine version: 2021.3.2f1 (d6360bedb9a0)
[Subsystems] Discovering subsystems at path C:/Program Files/Unity/Hub/Editor/2021.3.2f1/Editor/Data/Resources/UnitySubsystems
[Subsystems] Discovering subsystems at path C:/UnityProjects/CardBattle/Assets
GfxDevice: creating device client; threaded=0; jobified=0
Direct3D:
    Version:  Direct3D 11.0 [level 11.1]
    Renderer: NVIDIA GeForce RTX 3080 (ID=0x2216)
    Vendor:   NVIDIA
    VRAM:     10067 MB
    Driver:   31.0.15.2802
Initialize mono
Mono path[0] = 'C:/Program Files/Unity/Hub/Editor/2021.3.2f1/Editor/Data/Managed'
Mono path[1] = 'C:/Program Files/Unity/Hub/Editor/2021.3.2f1/Editor/Data/MonoBleedingEdge/lib/mono/unityjit-win32'
Mono config path = 'C:/Program Files/Unity/Hub/Editor/2021.3.2f1/Editor/Data/MonoBleedingEdge/etc'
Using monoOptions --debugger-agent=transport=dt_socket,embedding=1,server=y,suspend=n,address=127.0.0.1:56916
Begin MonoManager ReloadAssembly
Registering precompiled unity dll's ...
Register platform support module: C:/Program Files/Unity/Hub/Editor/2021.3.2f1/Editor/Data/PlaybackEngines/AndroidPlayer/UnityEditor.Android.Extensions.dll
Register platform support module: C:/Program Files/Unity/Hub/Editor/2021.3.2f1/Editor/Data/PlaybackEngines/iOSSupport/UnityEditor.iOS.Extensions.dll
Register platform support module: C:/Program Files/Unity/Hub/Editor/2021.3.2f1/Editor/Data/PlaybackEngines/WindowsStandaloneSupport/UnityEditor.WindowsStandalone.Extensions.dll
Registered in 0.003102 seconds.
Native extension for WindowsStandalone target not found
[usbmuxd] Start listen thread
[usbmuxd] Listen thread started
Native extension for iOS target not found
Native extension for Android target not found
Refreshing native plugins compatible for Editor in 48.17 ms, found 3 plugins.
Preloading 0 native plugins for Editor in 0.00 ms.
Mono: successfully reloaded assembly
- Completed reload, in  0.406 seconds
Domain Reload Profiling:
	ReloadAssembly (406ms)
		BeginReloadAssembly (46ms)
			ExecutionOrderSort (0ms)
			DisableScriptedObjects (0ms)
			BackupInstance (0ms)
			ReleaseScriptingObjects (0ms)
			CreateAndSetChildDomain (1ms)
		EndReloadAssembly (293ms)
			LoadAssemblies (45ms)
			RebuildTransferFunctionScriptingTraits (0ms)
			SetupTypeCache (64ms)
			ReleaseScriptCaches (0ms)
			RebuildScriptCaches (16ms)
			SetupLoadedEditorAssemblies (182ms)
				LogAssemblyErrors (0ms)
				InitializePlatformSupportModulesInManaged (41ms)
				SetLoadedEditorAssemblies (0ms)
				RefreshPlugins (48ms)
				BeforeProcessingInitializeOnLoad (1ms)
				ProcessInitializeOnLoadAttributes (62ms)
				ProcessInitializeOnLoadMethodAttributes (29ms)
				AfterProcessingInitializeOnLoad (0ms)
				EditorAssembliesLoaded (0ms)
			ExecutionOrderSort2 (0ms)
			AwakeInstancesAfterBackupRestoration (0ms)
Platform modules already initialized, skipping
Registering precompiled user dll's ...
Registered in 0.003440 seconds.
Begin MonoManager ReloadAssembly
Symbol file LoadedFromMemory doesn't match image C:\UnityProjects\CardBattle\Library\PackageCache\com.unity.visualscripting@1.7.6\Editor\VisualScripting.Core\Dependencies\YamlDotNet\Unity.VisualScripting.YamlDotNet.dll
Symbol file LoadedFromMemory doesn't match image C:\UnityProjects\CardBattle\Library\PackageCache\com.unity.visualscripting@1.7.6\Editor\VisualScripting.Core\Dependencies\DotNetZip\Unity.VisualScripting.IonicZip.dll
Native extension for WindowsStandalone target not found
Native extension for iOS target not found
Native extension for Android target not found
Refreshing native plugins compatible for Editor in 0.39 ms, found 3 plugins.
Preloading 0 native plugins for Editor in 0.00 ms.
Mono: successfully reloaded assembly
- Completed reload, in  0.781 seconds
Domain Reload Profiling:
	ReloadAssembly (782ms)
		BeginReloadAssembly (175ms)
			ExecutionOrderSort (0ms)
			DisableScriptedObjects (4ms)
			BackupInstance (0ms)
			ReleaseScriptingObjects (0ms)
			CreateAndSetChildDomain (117ms)
		EndReloadAssembly (533ms)
			LoadAssemblies (47ms)
			RebuildTransferFunctionScriptingTraits (0ms)
			SetupTypeCache (198ms)
			ReleaseScriptCaches (0ms)
			RebuildScriptCaches (30ms)
			SetupLoadedEditorAssemblies (229ms)
				LogAssemblyErrors (0ms)
				InitializePlatformSupportModulesInManaged (15ms)
				SetLoadedEditorAssemblies (0ms)
				RefreshPlugins (0ms)
				BeforeProcessingInitializeOnLoad (45ms)
				ProcessInitializeOnLoadAttributes (147ms)
				ProcessInitializeOnLoadMethodAttributes (17ms)
				AfterProcessingInitializeOnLoad (3ms)
				EditorAssembliesLoaded (0ms)
			ExecutionOrderSort2 (0ms)
			AwakeInstancesAfterBackupRestoration (4ms)
Platform modules already initialized, skipping
========================================================================
Worker process is ready to serve import requests
Launched and connected shader compiler UnityShaderCompiler.exe after 0.04 seconds
Refreshing native plugins compatible for Editor in 0.41 ms, found 3 plugins.
Preloading 0 native plugins for Editor in 0.00 ms.
Unloading 3408 Unused Serialized files (Serialized files now loaded: 0)
Unloading 30 unused Assets / (57.0 KB). Loaded Objects now: 3893.
Memory consumption went from 131.4 MB to 131.3 MB.
Total: 2.485900 ms (FindLiveObjects: 0.185500 ms CreateObjectMapping: 0.092200 ms MarkObjects: 2.105600 ms  DeleteObjects: 0.101100 ms)

AssetImportParameters requested are different than current active one (requested -> active):
  custom:video-decoder-ogg-theora: a1e56fd34408186e4bbccfd4996cb3dc -> 
  custom:container-muxer-webm: aa71ff27fc2769a1b78a27578f13a17b -> 
  custom:container-demuxer-webm: 4f35f7cbe854078d1ac9338744f61a02 -> 
  custom:video-encoder-webm-vp8: eb34c28f22e8b96e1ab97ce403110664 -> 
  custom:audio-encoder-webm-vorbis: bf7c407c2cedff20999df2af8eb42d56 -> 
  custom:framework-win-MediaFoundation: 216162199b28c13a410421893ffa2e32 -> 
  custom:container-demuxer-ogg: 62fdf1f143b41e24485cea50d1cbac27 -> 
  custom:video-decoder-webm-vp8: 9c59270c3fd7afecdb556c50c9e8de78 -> 
  custom:audio-decoder-ogg-vorbis: bf7c407c2cedff20999df2af8eb42d56 -> 
========================================================================
Received Import Request.
  Time since last request: 130283.964848 seconds.
  path: Assets
  artifactKey: Guid(00000000000000001000000000000000) Importer(815301076,1909f56bfc062723c751e8b465ee728b)
Start importing Assets using Guid(00000000000000001000000000000000) Importer(815301076,1909f56bfc062723c751e8b465ee728b)  -> (artifact id: '79842766b460edbeab6a34051e857a80') in 0.004422 seconds 
========================================================================
Received Import Request.
  Time since last request: 1.814428 seconds.
  path: Assets/TextMesh Pro
  artifactKey: Guid(f54d1bd14bd3ca042bd867b519fee8cc) Importer(815301076,1909f56bfc062723c751e8b465ee728b)
Start importing Assets/TextMesh Pro using Guid(f54d1bd14bd3ca042bd867b519fee8cc) Importer(815301076,1909f56bfc062723c751e8b465ee728b)  -> (artifact id: '6d457b26d2bc8024e58729449d46e968') in 0.000953 seconds 
========================================================================
Received Import Request.
  Time since last request: 1.937277 seconds.
  path: Assets/TextMesh Pro/Fonts
  artifactKey: Guid(6ab70aee4d56447429c680537fbf93ed) Importer(815301076,1909f56bfc062723c751e8b465ee728b)
Start importing Assets/TextMesh Pro/Fonts using Guid(6ab70aee4d56447429c680537fbf93ed) Importer(815301076,1909f56bfc062723c751e8b465ee728b)  -> (artifact id: '8cbcf11b9c0db8e93a500315a7744f16') in 0.001006 seconds 
========================================================================
Received Import Request.
  Time since last request: 0.056922 seconds.
  path: Assets/TextMesh Pro/Fonts/LiberationSans.ttf
  artifactKey: Guid(e3265ab4bf004d28a9537516768c1c75) Importer(815301076,1909f56bfc062723c751e8b465ee728b)
Start importing Assets/TextMesh Pro/Fonts/LiberationSans.ttf using Guid(e3265ab4bf004d28a9537516768c1c75) Importer(815301076,1909f56bfc062723c751e8b465ee728b)  -> (artifact id: '86e85d55384b22641579099d0f1ce7e8') in 0.088492 seconds 
========================================================================
Received Import Request.
  Time since last request: 7.923417 seconds.
  path: Assets/ImportElement
  artifactKey: Guid(dc28c5af7b63c483ab8a7f6f96b29096) Importer(815301076,1909f56bfc062723c751e8b465ee728b)
Start importing Assets/ImportElement using Guid(dc28c5af7b63c483ab8a7f6f96b29096) Importer(815301076,1909f56bfc062723c751e8b465ee728b)  -> (artifact id: '7032ddd639938d9bb8fb32bcc040867e') in 0.000929 seconds 
========================================================================
Received Import Request.
  Time since last request: 0.058389 seconds.
  path: Assets/ImportElement/46333.png
  artifactKey: Guid(dd3aa02e13a5545eba5f5b5517c98add) Importer(815301076,1909f56bfc062723c751e8b465ee728b)
Start importing Assets/ImportElement/46333.png using Guid(dd3aa02e13a5545eba5f5b5517c98add) Importer(815301076,1909f56bfc062723c751e8b465ee728b)  -> (artifact id: '3816913ca4afd6f5e8856bf3b2d92a9e') in 0.236262 seconds 
========================================================================
Received Import Request.
  Time since last request: 5.679204 seconds.
  path: Assets/RPG Tiny Hero Duo
  artifactKey: Guid(973cffec33e8e5a4f811e9b7aa720f57) Importer(815301076,1909f56bfc062723c751e8b465ee728b)
Start importing Assets/RPG Tiny Hero Duo using Guid(973cffec33e8e5a4f811e9b7aa720f57) Importer(815301076,1909f56bfc062723c751e8b465ee728b)  -> (artifact id: '065c0c5f7ebf31df7a43a1bc1c9e0bf0') in 0.000949 seconds 
========================================================================
Received Import Request.
  Time since last request: 1.974151 seconds.
  path: Assets/RPG Tiny Hero Duo/Scene
  artifactKey: Guid(66e76cfa9347ea1439c4cce80a7b9096) Importer(815301076,1909f56bfc062723c751e8b465ee728b)
Start importing Assets/RPG Tiny Hero Duo/Scene using Guid(66e76cfa9347ea1439c4cce80a7b9096) Importer(815301076,1909f56bfc062723c751e8b465ee728b)  -> (artifact id: 'd772082efeb4c86c3efc3d33b52a54b1') in 0.000949 seconds 
========================================================================
Received Import Request.
  Time since last request: 0.978247 seconds.
  path: Assets/RPG Tiny Hero Duo/Scene/RootMotion.unity
  artifactKey: Guid(434dafee2b278604da21509f31e83199) Importer(815301076,1909f56bfc062723c751e8b465ee728b)
Start importing Assets/RPG Tiny Hero Duo/Scene/RootMotion.unity using Guid(434dafee2b278604da21509f31e83199) Importer(815301076,1909f56bfc062723c751e8b465ee728b)  -> (artifact id: '76cce68130c7cc5ecf3b1ed169bba142') in 0.001042 seconds 
========================================================================
Received Import Request.
  Time since last request: 6.770717 seconds.
  path: Assets/RPG Tiny Hero Duo/Scene/PolyartScene.unity
  artifactKey: Guid(f08cd05d33382c649a328c6e57dc3ec8) Importer(815301076,1909f56bfc062723c751e8b465ee728b)
Start importing Assets/RPG Tiny Hero Duo/Scene/PolyartScene.unity using Guid(f08cd05d33382c649a328c6e57dc3ec8) Importer(815301076,1909f56bfc062723c751e8b465ee728b)  -> (artifact id: '8808f475e98e8a3ba4ab5aa01a52a833') in 0.000925 seconds 
========================================================================
Received Import Request.
  Time since last request: 4.532500 seconds.
  path: Assets/RPG Tiny Hero Duo/Scene/PBRScene.unity
  artifactKey: Guid(732defcb56c220a478eeb579c600da34) Importer(815301076,1909f56bfc062723c751e8b465ee728b)
Start importing Assets/RPG Tiny Hero Duo/Scene/PBRScene.unity using Guid(732defcb56c220a478eeb579c600da34) Importer(815301076,1909f56bfc062723c751e8b465ee728b)  -> (artifact id: '9f75460979bea092b59c8a7f3c6e3444') in 0.000927 seconds 
========================================================================
Received Import Request.
  Time since last request: 10.725034 seconds.
  path: Assets/RPG Tiny Hero Duo/Scene/AnimationLayer.unity
  artifactKey: Guid(dd5c2fce3c5586940a67d594979ccdee) Importer(815301076,1909f56bfc062723c751e8b465ee728b)
Start importing Assets/RPG Tiny Hero Duo/Scene/AnimationLayer.unity using Guid(dd5c2fce3c5586940a67d594979ccdee) Importer(815301076,1909f56bfc062723c751e8b465ee728b)  -> (artifact id: '2531bca7c5692a113d26705fbdb2ee27') in 0.001373 seconds 
========================================================================
Received Import Request.
  Time since last request: 44.235171 seconds.
  path: Assets/RPG Tiny Hero Duo/Texture
  artifactKey: Guid(4cade32073d41174c94f7aebbc1f825f) Importer(815301076,1909f56bfc062723c751e8b465ee728b)
Start importing Assets/RPG Tiny Hero Duo/Texture using Guid(4cade32073d41174c94f7aebbc1f825f) Importer(815301076,1909f56bfc062723c751e8b465ee728b)  -> (artifact id: 'd97e58fa9cecd6615585142e8d9bdf30') in 0.001048 seconds 
========================================================================
Received Import Request.
  Time since last request: 0.066116 seconds.
  path: Assets/RPG Tiny Hero Duo/Texture/Albedo.png
  artifactKey: Guid(a63884258dc521b4085d9bc96fe60c86) Importer(815301076,1909f56bfc062723c751e8b465ee728b)
Start importing Assets/RPG Tiny Hero Duo/Texture/Albedo.png using Guid(a63884258dc521b4085d9bc96fe60c86) Importer(815301076,1909f56bfc062723c751e8b465ee728b)  -> (artifact id: '4435a8ac32e255d40e4c52fb3e2749bc') in 0.007496 seconds 
========================================================================
Received Import Request.
  Time since last request: 8.123885 seconds.
  path: Assets/amusedART
  artifactKey: Guid(2f62b2410451742bcb519d2ea0fd3bdc) Importer(815301076,1909f56bfc062723c751e8b465ee728b)
Start importing Assets/amusedART using Guid(2f62b2410451742bcb519d2ea0fd3bdc) Importer(815301076,1909f56bfc062723c751e8b465ee728b)  -> (artifact id: 'ebc60eaf18fd12b351caae21b1b96123') in 0.001080 seconds 
========================================================================
Received Import Request.
  Time since last request: 0.708705 seconds.
  path: Assets/amusedART/Mummy_Mon
  artifactKey: Guid(bea859125a5304ab3a98ce8a5f68ef01) Importer(815301076,1909f56bfc062723c751e8b465ee728b)
Start importing Assets/amusedART/Mummy_Mon using Guid(bea859125a5304ab3a98ce8a5f68ef01) Importer(815301076,1909f56bfc062723c751e8b465ee728b)  -> (artifact id: '40f80fcaf7ba0e9cbffa43ec4be42615') in 0.000869 seconds 
========================================================================
Received Import Request.
  Time since last request: 0.046632 seconds.
  path: Assets/amusedART/Mummy_Mon/Mummy_Mon.FBX
  artifactKey: Guid(3353e4f866c39d043a315b41717c9bb7) Importer(815301076,1909f56bfc062723c751e8b465ee728b)
Start importing Assets/amusedART/Mummy_Mon/Mummy_Mon.FBX using Guid(3353e4f866c39d043a315b41717c9bb7) Importer(815301076,1909f56bfc062723c751e8b465ee728b)  -> (artifact id: 'd014c7f4190eeec25881d3996eff868d') in 0.089132 seconds 
========================================================================
Received Import Request.
  Time since last request: 8.368257 seconds.
  path: Assets/Scenes/TestScene.unity
  artifactKey: Guid(2e6704e1ec0bd274daf22a56091c5ad3) Importer(815301076,1909f56bfc062723c751e8b465ee728b)
Start importing Assets/Scenes/TestScene.unity using Guid(2e6704e1ec0bd274daf22a56091c5ad3) Importer(815301076,1909f56bfc062723c751e8b465ee728b)  -> (artifact id: '91651403aff0e53460f5f4004950c3c4') in 0.001028 seconds 
========================================================================
Received Import Request.
  Time since last request: 12.984716 seconds.
  path: Assets/RPG Tiny Hero Duo/Prefab
  artifactKey: Guid(349a7771185191b418b97051fee521cd) Importer(815301076,1909f56bfc062723c751e8b465ee728b)
Start importing Assets/RPG Tiny Hero Duo/Prefab using Guid(349a7771185191b418b97051fee521cd) Importer(815301076,1909f56bfc062723c751e8b465ee728b)  -> (artifact id: '9cbe4da3c3031c7c25d4aa23d6db8870') in 0.001121 seconds 
========================================================================
Received Import Request.
  Time since last request: 0.026341 seconds.
  path: Assets/RPG Tiny Hero Duo/Prefab/FemaleCharacterPBR.prefab
  artifactKey: Guid(cc91c8ba8b9a34f4d99e70d721f60b64) Importer(815301076,1909f56bfc062723c751e8b465ee728b)
Start importing Assets/RPG Tiny Hero Duo/Prefab/FemaleCharacterPBR.prefab using Guid(cc91c8ba8b9a34f4d99e70d721f60b64) Importer(815301076,1909f56bfc062723c751e8b465ee728b)  -> (artifact id: 'f358b4590b748f104a8783abb4f47dc5') in 0.166891 seconds 
========================================================================
Received Import Request.
  Time since last request: 0.000017 seconds.
  path: Assets/RPG Tiny Hero Duo/Prefab/Shield05Polyart.prefab
  artifactKey: Guid(f06068434cc02c941bd2b282c8d154ef) Importer(815301076,1909f56bfc062723c751e8b465ee728b)
Start importing Assets/RPG Tiny Hero Duo/Prefab/Shield05Polyart.prefab using Guid(f06068434cc02c941bd2b282c8d154ef) Importer(815301076,1909f56bfc062723c751e8b465ee728b)  -> (artifact id: '59b992cdf28aa18cbf74d2998c68ebd1') in 0.008466 seconds 
========================================================================
Received Import Request.
  Time since last request: 0.000019 seconds.
  path: Assets/RPG Tiny Hero Duo/Prefab/OHS03Polyart.prefab
  artifactKey: Guid(f0aae4c8b38e02e48a4124483b105340) Importer(815301076,1909f56bfc062723c751e8b465ee728b)
Start importing Assets/RPG Tiny Hero Duo/Prefab/OHS03Polyart.prefab using Guid(f0aae4c8b38e02e48a4124483b105340) Importer(815301076,1909f56bfc062723c751e8b465ee728b)  -> (artifact id: 'bbfedb3e82c1f13184b4099acd21687e') in 0.015040 seconds 
========================================================================
Received Import Request.
  Time since last request: 0.000018 seconds.
  path: Assets/RPG Tiny Hero Duo/Prefab/OHS06PBR.prefab
  artifactKey: Guid(3617e4093ca8d5145986d37c89cfd692) Importer(815301076,1909f56bfc062723c751e8b465ee728b)
Start importing Assets/RPG Tiny Hero Duo/Prefab/OHS06PBR.prefab using Guid(3617e4093ca8d5145986d37c89cfd692) Importer(815301076,1909f56bfc062723c751e8b465ee728b)  -> (artifact id: 'ea83dfaaee97ac6635d47f5b1a961f19') in 0.046380 seconds 
========================================================================
Received Import Request.
  Time since last request: 0.000014 seconds.
  path: Assets/RPG Tiny Hero Duo/Prefab/Shield05PBR.prefab
  artifactKey: Guid(ac86f8ddca59acb4184d3eb42067bafa) Importer(815301076,1909f56bfc062723c751e8b465ee728b)
Start importing Assets/RPG Tiny Hero Duo/Prefab/Shield05PBR.prefab using Guid(ac86f8ddca59acb4184d3eb42067bafa) Importer(815301076,1909f56bfc062723c751e8b465ee728b)  -> (artifact id: '60fdb28e0f0285547d4a41289391c535') in 0.029709 seconds 
========================================================================
Received Import Request.
  Time since last request: 0.000014 seconds.
  path: Assets/RPG Tiny Hero Duo/Prefab/OHS03PBR.prefab
  artifactKey: Guid(9fbe61d1f4bc091439f25f985dd189a5) Importer(815301076,1909f56bfc062723c751e8b465ee728b)
Start importing Assets/RPG Tiny Hero Duo/Prefab/OHS03PBR.prefab using Guid(9fbe61d1f4bc091439f25f985dd189a5) Importer(815301076,1909f56bfc062723c751e8b465ee728b)  -> (artifact id: 'ea39e13f5fce2180b81d5c32ffa2eba5') in 0.019342 seconds 
========================================================================
Received Import Request.
  Time since last request: 3.516942 seconds.
  path: Assets/RPG Tiny Hero Duo/Animator
  artifactKey: Guid(babbdda514009f84dbf2496ace6a6f12) Importer(815301076,1909f56bfc062723c751e8b465ee728b)
Start importing Assets/RPG Tiny Hero Duo/Animator using Guid(babbdda514009f84dbf2496ace6a6f12) Importer(815301076,1909f56bfc062723c751e8b465ee728b)  -> (artifact id: '64980551e87a193679b746071eb55c29') in 0.001655 seconds 
========================================================================
Received Import Request.
  Time since last request: 0.028149 seconds.
  path: Assets/RPG Tiny Hero Duo/Animator/AnimLayer.mask
  artifactKey: Guid(acaf52b69aaad2042b776ec016c26e0e) Importer(815301076,1909f56bfc062723c751e8b465ee728b)
Start importing Assets/RPG Tiny Hero Duo/Animator/AnimLayer.mask using Guid(acaf52b69aaad2042b776ec016c26e0e) Importer(815301076,1909f56bfc062723c751e8b465ee728b)  -> (artifact id: '2c878070fb5244b3cb5ab94d908ee3ea') in 0.002890 seconds 
========================================================================
Received Import Request.
  Time since last request: 0.930538 seconds.
  path: Assets/RPG Tiny Hero Duo/Animator/AnimationLayer.controller
  artifactKey: Guid(ad202f9dbc4f60c49a5f7d1d0546d1ec) Importer(815301076,1909f56bfc062723c751e8b465ee728b)
Start importing Assets/RPG Tiny Hero Duo/Animator/AnimationLayer.controller using Guid(ad202f9dbc4f60c49a5f7d1d0546d1ec) Importer(815301076,1909f56bfc062723c751e8b465ee728b)  -> (artifact id: '4dc5fae88b8e698d8820450f1648291f') in 0.003852 seconds 
========================================================================
Received Import Request.
  Time since last request: 0.853987 seconds.
  path: Assets/RPG Tiny Hero Duo/Animator/RootMotion.controller
  artifactKey: Guid(230b755b75de01e42872522beacd71ec) Importer(815301076,1909f56bfc062723c751e8b465ee728b)
Start importing Assets/RPG Tiny Hero Duo/Animator/RootMotion.controller using Guid(230b755b75de01e42872522beacd71ec) Importer(815301076,1909f56bfc062723c751e8b465ee728b)  -> (artifact id: '442fb501c734899852d7ba865267d1ee') in 0.001768 seconds 
========================================================================
Received Import Request.
  Time since last request: 0.456322 seconds.
  path: Assets/RPG Tiny Hero Duo/Animator/SwordAndShieldStance.controller
  artifactKey: Guid(2be64f57d7d213648aa9b2e5e8e0a39b) Importer(815301076,1909f56bfc062723c751e8b465ee728b)
Start importing Assets/RPG Tiny Hero Duo/Animator/SwordAndShieldStance.controller using Guid(2be64f57d7d213648aa9b2e5e8e0a39b) Importer(815301076,1909f56bfc062723c751e8b465ee728b)  -> (artifact id: 'ebcf2a24478e6aa05e355b4909900de5') in 0.010237 seconds 
========================================================================
Received Import Request.
  Time since last request: 30.053599 seconds.
  path: Assets/RPG Tiny Hero Duo/Animation/SwordAndShield/InPlace/MoveFWD_Battle_InPlace_SwordAndShield.fbx
  artifactKey: Guid(7d4f9e9da55a3bd4f958a63308a522a1) Importer(815301076,1909f56bfc062723c751e8b465ee728b)
Start importing Assets/RPG Tiny Hero Duo/Animation/SwordAndShield/InPlace/MoveFWD_Battle_InPlace_SwordAndShield.fbx using Guid(7d4f9e9da55a3bd4f958a63308a522a1) Importer(815301076,1909f56bfc062723c751e8b465ee728b)  -> (artifact id: '745764515c4c3e1c8b5ee58bd95a08b0') in 0.073647 seconds 
========================================================================
Received Import Request.
  Time since last request: 0.000013 seconds.
  path: Assets/RPG Tiny Hero Duo/Animation/SwordAndShield/InPlace/JumpStart_Normal_InPlace_SwordAndShield.fbx
  artifactKey: Guid(c2b2e4c79d87c3045838cbc5935d8a98) Importer(815301076,1909f56bfc062723c751e8b465ee728b)
Start importing Assets/RPG Tiny Hero Duo/Animation/SwordAndShield/InPlace/JumpStart_Normal_InPlace_SwordAndShield.fbx using Guid(c2b2e4c79d87c3045838cbc5935d8a98) Importer(815301076,1909f56bfc062723c751e8b465ee728b)  -> (artifact id: 'db1d991e90c26f62b170a20f494f996d') in 0.059060 seconds 
========================================================================
Received Import Request.
  Time since last request: 0.000018 seconds.
  path: Assets/RPG Tiny Hero Duo/Animation/SwordAndShield/InPlace/JumpFull_Spin_InPlace_SwordAndShield.fbx
  artifactKey: Guid(b5bfe52205c4a874991178073ad7989c) Importer(815301076,1909f56bfc062723c751e8b465ee728b)
Start importing Assets/RPG Tiny Hero Duo/Animation/SwordAndShield/InPlace/JumpFull_Spin_InPlace_SwordAndShield.fbx using Guid(b5bfe52205c4a874991178073ad7989c) Importer(815301076,1909f56bfc062723c751e8b465ee728b)  -> (artifact id: 'da66a4ed91675119ee9094e7513069e4') in 0.040616 seconds 
========================================================================
Received Import Request.
  Time since last request: 0.000016 seconds.
  path: Assets/RPG Tiny Hero Duo/Animation/SwordAndShield/InPlace/MoveLFT_Battle_InPlace_SwordAndShield.fbx
  artifactKey: Guid(048a541568c52514c9996fea7b37d6e0) Importer(815301076,1909f56bfc062723c751e8b465ee728b)
Start importing Assets/RPG Tiny Hero Duo/Animation/SwordAndShield/InPlace/MoveLFT_Battle_InPlace_SwordAndShield.fbx using Guid(048a541568c52514c9996fea7b37d6e0) Importer(815301076,1909f56bfc062723c751e8b465ee728b)  -> (artifact id: '3795093463cfc6eb3464a96f1c82874e') in 0.040603 seconds 
========================================================================
Received Import Request.
  Time since last request: 0.000020 seconds.
  path: Assets/RPG Tiny Hero Duo/Animation/SwordAndShield/InPlace/MoveBWD_Battle_InPlace_SwordAndShield.fbx
  artifactKey: Guid(4897d9e1e93439744a78d1cebdef17ff) Importer(815301076,1909f56bfc062723c751e8b465ee728b)
Start importing Assets/RPG Tiny Hero Duo/Animation/SwordAndShield/InPlace/MoveBWD_Battle_InPlace_SwordAndShield.fbx using Guid(4897d9e1e93439744a78d1cebdef17ff) Importer(815301076,1909f56bfc062723c751e8b465ee728b)  -> (artifact id: 'f21f90e9a2d81ff1bd66c6b572bc39fd') in 0.038553 seconds 
========================================================================
Received Import Request.
  Time since last request: 4.796396 seconds.
  path: Assets/RPG Tiny Hero Duo/Animation/SwordAndShield/Attack01_SwordAndShiled.fbx
  artifactKey: Guid(db509ad77f9b4f84a8eb1989f589b24c) Importer(815301076,1909f56bfc062723c751e8b465ee728b)
Start importing Assets/RPG Tiny Hero Duo/Animation/SwordAndShield/Attack01_SwordAndShiled.fbx using Guid(db509ad77f9b4f84a8eb1989f589b24c) Importer(815301076,1909f56bfc062723c751e8b465ee728b)  -> (artifact id: '3115f12d0ce9b5e821c63c5de4e90937') in 0.051276 seconds 
========================================================================
Received Import Request.
  Time since last request: 0.000016 seconds.
  path: Assets/RPG Tiny Hero Duo/Animation/SwordAndShield/Die01_Stay_SwordAndShield.fbx
  artifactKey: Guid(0e112f1584fcccd4face09e3b7156832) Importer(815301076,1909f56bfc062723c751e8b465ee728b)
Start importing Assets/RPG Tiny Hero Duo/Animation/SwordAndShield/Die01_Stay_SwordAndShield.fbx using Guid(0e112f1584fcccd4face09e3b7156832) Importer(815301076,1909f56bfc062723c751e8b465ee728b)  -> (artifact id: 'bd153d081d9df5eeb6bcb0223bef1bef') in 0.070551 seconds 
========================================================================
Received Import Request.
  Time since last request: 0.000020 seconds.
  path: Assets/RPG Tiny Hero Duo/Animation/SwordAndShield/Attack04_Spinning_SwordAndShield.fbx
  artifactKey: Guid(5729b70d60fdcac45bd03f32c0b8dbea) Importer(815301076,1909f56bfc062723c751e8b465ee728b)
Start importing Assets/RPG Tiny Hero Duo/Animation/SwordAndShield/Attack04_Spinning_SwordAndShield.fbx using Guid(5729b70d60fdcac45bd03f32c0b8dbea) Importer(815301076,1909f56bfc062723c751e8b465ee728b)  -> (artifact id: '381b95129f29295d78493198f2bbd7ff') in 0.091276 seconds 
========================================================================
Received Import Request.
  Time since last request: 0.000017 seconds.
  path: Assets/RPG Tiny Hero Duo/Animation/SwordAndShield/GetUp_SwordAndShield.fbx
  artifactKey: Guid(4e1dc6b0156559b4ca64937d40514fb5) Importer(815301076,1909f56bfc062723c751e8b465ee728b)
Start importing Assets/RPG Tiny Hero Duo/Animation/SwordAndShield/GetUp_SwordAndShield.fbx using Guid(4e1dc6b0156559b4ca64937d40514fb5) Importer(815301076,1909f56bfc062723c751e8b465ee728b)  -> (artifact id: 'c212173cdc2a87146aae7f2d838c2147') in 0.039881 seconds 
========================================================================
Received Import Request.
  Time since last request: 0.000017 seconds.
  path: Assets/RPG Tiny Hero Duo/Animation/SwordAndShield/Victory_Battle_SwordAndShield.fbx
  artifactKey: Guid(03bef14f938475e429e87b9e986bc32c) Importer(815301076,1909f56bfc062723c751e8b465ee728b)
Start importing Assets/RPG Tiny Hero Duo/Animation/SwordAndShield/Victory_Battle_SwordAndShield.fbx using Guid(03bef14f938475e429e87b9e986bc32c) Importer(815301076,1909f56bfc062723c751e8b465ee728b)  -> (artifact id: '774fe031f793ac52ae62f86029c78bbc') in 0.044461 seconds 
========================================================================
Received Import Request.
  Time since last request: 0.000018 seconds.
  path: Assets/RPG Tiny Hero Duo/Animation/SwordAndShield/Idle_Normal_SwordAndShield.fbx
  artifactKey: Guid(423aabfede0896f4db862ab8e54dde30) Importer(815301076,1909f56bfc062723c751e8b465ee728b)
Start importing Assets/RPG Tiny Hero Duo/Animation/SwordAndShield/Idle_Normal_SwordAndShield.fbx using Guid(423aabfede0896f4db862ab8e54dde30) Importer(815301076,1909f56bfc062723c751e8b465ee728b)  -> (artifact id: '37732318e9b1bb94f7702a5410b293f4') in 0.035763 seconds 
========================================================================
Received Import Request.
  Time since last request: 2.326422 seconds.
  path: Assets/RPG Tiny Hero Duo/Animation/SwordAndShield
  artifactKey: Guid(f0e650f653210564c8b54172a27e8335) Importer(815301076,1909f56bfc062723c751e8b465ee728b)
Start importing Assets/RPG Tiny Hero Duo/Animation/SwordAndShield using Guid(f0e650f653210564c8b54172a27e8335) Importer(815301076,1909f56bfc062723c751e8b465ee728b)  -> (artifact id: '2113458d4163d671acba28343c77a16c') in 0.001228 seconds 
========================================================================
Received Import Request.
  Time since last request: 2.954244 seconds.
  path: Assets/RPG Tiny Hero Duo/Animation
  artifactKey: Guid(ce9fc0549a119344c9f1e480f227ad31) Importer(815301076,1909f56bfc062723c751e8b465ee728b)
Start importing Assets/RPG Tiny Hero Duo/Animation using Guid(ce9fc0549a119344c9f1e480f227ad31) Importer(815301076,1909f56bfc062723c751e8b465ee728b)  -> (artifact id: '7851d20d99ee3db1f5eb1b4c2ded4670') in 0.001636 seconds 
========================================================================
Received Import Request.
  Time since last request: 1089.302287 seconds.
  path: Assets/RPG Tiny Hero Duo/Mesh
  artifactKey: Guid(a597685b29c02da42af8db48b57f3b4c) Importer(815301076,1909f56bfc062723c751e8b465ee728b)
Start importing Assets/RPG Tiny Hero Duo/Mesh using Guid(a597685b29c02da42af8db48b57f3b4c) Importer(815301076,1909f56bfc062723c751e8b465ee728b)  -> (artifact id: '12dde3c9a8e409622d48433e1c312236') in 0.001887 seconds 
========================================================================
Received Import Request.
  Time since last request: 0.028103 seconds.
  path: Assets/RPG Tiny Hero Duo/Mesh/ModularCharacterPBR.fbx
  artifactKey: Guid(34b0895dfc863f742aa5075a4e691859) Importer(815301076,1909f56bfc062723c751e8b465ee728b)
Start importing Assets/RPG Tiny Hero Duo/Mesh/ModularCharacterPBR.fbx using Guid(34b0895dfc863f742aa5075a4e691859) Importer(815301076,1909f56bfc062723c751e8b465ee728b)  -> (artifact id: '79d45e7afccc3fb6a229109a7867d959') in 0.068948 seconds 
========================================================================
Received Import Request.
  Time since last request: 0.000014 seconds.
  path: Assets/RPG Tiny Hero Duo/Mesh/OHS03Polyart.fbx
  artifactKey: Guid(3164d361d8955d14c996186ce47ba3bf) Importer(815301076,1909f56bfc062723c751e8b465ee728b)
Start importing Assets/RPG Tiny Hero Duo/Mesh/OHS03Polyart.fbx using Guid(3164d361d8955d14c996186ce47ba3bf) Importer(815301076,1909f56bfc062723c751e8b465ee728b)  -> (artifact id: 'd9aa630878f667f8da3affe2a7a95e06') in 0.010276 seconds 
========================================================================
Received Import Request.
  Time since last request: 0.000016 seconds.
  path: Assets/RPG Tiny Hero Duo/Mesh/OHS06PBR.fbx
  artifactKey: Guid(8e583e9185af1be4e9dd6f501e6fe7d4) Importer(815301076,1909f56bfc062723c751e8b465ee728b)
Start importing Assets/RPG Tiny Hero Duo/Mesh/OHS06PBR.fbx using Guid(8e583e9185af1be4e9dd6f501e6fe7d4) Importer(815301076,1909f56bfc062723c751e8b465ee728b)  -> (artifact id: 'ada6462114247bd245d2845c7fcf68fe') in 0.013544 seconds 
========================================================================
Received Import Request.
  Time since last request: 0.000016 seconds.
  path: Assets/RPG Tiny Hero Duo/Mesh/Shield08Polyart.fbx
  artifactKey: Guid(c987a0ed5f8902041b988ba78a977080) Importer(815301076,1909f56bfc062723c751e8b465ee728b)
Start importing Assets/RPG Tiny Hero Duo/Mesh/Shield08Polyart.fbx using Guid(c987a0ed5f8902041b988ba78a977080) Importer(815301076,1909f56bfc062723c751e8b465ee728b)  -> (artifact id: 'ae990f3c948cb7758f80d7dfad8ecaa7') in 0.010830 seconds 
========================================================================
Received Import Request.
  Time since last request: 0.000014 seconds.
  path: Assets/RPG Tiny Hero Duo/Mesh/OHS06Polyart.fbx
  artifactKey: Guid(892e5ad366182fd4f823a971e9e16281) Importer(815301076,1909f56bfc062723c751e8b465ee728b)
Start importing Assets/RPG Tiny Hero Duo/Mesh/OHS06Polyart.fbx using Guid(892e5ad366182fd4f823a971e9e16281) Importer(815301076,1909f56bfc062723c751e8b465ee728b)  -> (artifact id: 'bae4adcae13e0af25d3cb8c21c5e0904') in 0.011911 seconds 
========================================================================
Received Import Request.
  Time since last request: 0.000013 seconds.
  path: Assets/RPG Tiny Hero Duo/Mesh/Stage.fbx
  artifactKey: Guid(0f138a164e7f81a4a9e93cf85a9020e9) Importer(815301076,1909f56bfc062723c751e8b465ee728b)
Start importing Assets/RPG Tiny Hero Duo/Mesh/Stage.fbx using Guid(0f138a164e7f81a4a9e93cf85a9020e9) Importer(815301076,1909f56bfc062723c751e8b465ee728b)  -> (artifact id: '79a4110ec2eff523c7b668d718fa61b5') in 0.010527 seconds 
Editor requested this worker to shutdown with reason: Scaling down because of idle timeout
AssetImportWorker is now disconnected from the server
Process exiting
Exiting without the bug reporter. Application will terminate with return code 0