Unity Editor version:    2021.3.2f1 (d6360bedb9a0)
Branch:                  2021.3/staging
Build type:              Release
Batch mode:              YES
macOS version:           Version 12.6 (Build 21G115)
Darwin version:          21.6.0
Architecture:            x86_64
Running under Rosetta:   NO
Available memory:        16384 MB
Using pre-set license
Pro License: YES

COMMAND LINE ARGUMENTS:
/Applications/Unity/Hub/Editor/2021.3.2f1/Unity.app/Contents/MacOS/Unity
-adb2
-batchMode
-noUpm
-name
AssetImportWorker0
-projectPath
/Users/gan/Desktop/CardBattle
-logFile
Logs/AssetImportWorker0.log
-srvPort
50141
Successfully changed project path to: /Users/gan/Desktop/CardBattle
/Users/gan/Desktop/CardBattle
[UnityMemory] Configuration Parameters - Can be set up in boot.config
    "memorysetup-bucket-allocator-granularity=16"
    "memorysetup-bucket-allocator-bucket-count=8"
    "memorysetup-bucket-allocator-block-size=33554432"
    "memorysetup-bucket-allocator-block-count=8"
    "memorysetup-main-allocator-block-size=16777216"
    "memorysetup-thread-allocator-block-size=16777216"
    "memorysetup-gfx-main-allocator-block-size=16777216"
    "memorysetup-gfx-thread-allocator-block-size=16777216"
    "memorysetup-cache-allocator-block-size=4194304"
    "memorysetup-typetree-allocator-block-size=2097152"
    "memorysetup-profiler-bucket-allocator-granularity=16"
    "memorysetup-profiler-bucket-allocator-bucket-count=8"
    "memorysetup-profiler-bucket-allocator-block-size=33554432"
    "memorysetup-profiler-bucket-allocator-block-count=8"
    "memorysetup-profiler-allocator-block-size=16777216"
    "memorysetup-profiler-editor-allocator-block-size=1048576"
    "memorysetup-temp-allocator-size-main=16777216"
    "memorysetup-job-temp-allocator-block-size=2097152"
    "memorysetup-job-temp-allocator-block-size-background=1048576"
    "memorysetup-job-temp-allocator-reduction-small-platforms=262144"
    "memorysetup-temp-allocator-size-background-worker=32768"
    "memorysetup-temp-allocator-size-job-worker=262144"
    "memorysetup-temp-allocator-size-preload-manager=33554432"
    "memorysetup-temp-allocator-size-nav-mesh-worker=65536"
    "memorysetup-temp-allocator-size-audio-worker=65536"
    "memorysetup-temp-allocator-size-cloud-worker=32768"
    "memorysetup-temp-allocator-size-gi-baking-worker=262144"
    "memorysetup-temp-allocator-size-gfx=262144"
Refreshing native plugins compatible for Editor in 169.59 ms, found 2 plugins.
Preloading 0 native plugins for Editor in 0.00 ms.
Initialize engine version: 2021.3.2f1 (d6360bedb9a0)
[Subsystems] Discovering subsystems at path /Applications/Unity/Hub/Editor/2021.3.2f1/Unity.app/Contents/Resources/UnitySubsystems
[Subsystems] Discovering subsystems at path /Users/gan/Desktop/CardBattle/Assets
GfxDevice: creating device client; threaded=0; jobified=0
Color LCD preferred device: AMD Radeon Pro 5300M (high power)
Metal devices available: 2
0: AMD Radeon Pro 5300M (high power)
1: Intel(R) UHD Graphics 630 (low power)
Using device AMD Radeon Pro 5300M (high power)
Initializing Metal device caps: AMD Radeon Pro 5300M
Initialize mono
Mono path[0] = '/Applications/Unity/Hub/Editor/2021.3.2f1/Unity.app/Contents/Managed'
Mono path[1] = '/Applications/Unity/Hub/Editor/2021.3.2f1/Unity.app/Contents/MonoBleedingEdge/lib/mono/unityjit-macos'
Mono config path = '/Applications/Unity/Hub/Editor/2021.3.2f1/Unity.app/Contents/MonoBleedingEdge/etc'
Using monoOptions --debugger-agent=transport=dt_socket,embedding=1,server=y,suspend=n,address=127.0.0.1:56080
Begin MonoManager ReloadAssembly
Registering precompiled unity dll's ...
Register platform support module: /Applications/Unity/Hub/Editor/2021.3.2f1/Unity.app/Contents/PlaybackEngines/MacStandaloneSupport/UnityEditor.OSXStandalone.Extensions.dll
Register platform support module: /Applications/Unity/Hub/Editor/2021.3.2f1/PlaybackEngines/AndroidPlayer/UnityEditor.Android.Extensions.dll
Register platform support module: /Applications/Unity/Hub/Editor/2021.3.2f1/PlaybackEngines/iOSSupport/UnityEditor.iOS.Extensions.dll
Registered in 0.004937 seconds.
[usbmuxd] Start listen thread
[usbmuxd] Listen thread started
[usbmuxd] Send listen message
Native extension for iOS target not found
Native extension for Android target not found
Native extension for OSXStandalone target not found
Refreshing native plugins compatible for Editor in 162.99 ms, found 2 plugins.
Preloading 0 native plugins for Editor in 0.00 ms.
Mono: successfully reloaded assembly
- Completed reload, in  1.436 seconds
Domain Reload Profiling:
	ReloadAssembly (1439ms)
		BeginReloadAssembly (226ms)
			ExecutionOrderSort (0ms)
			DisableScriptedObjects (0ms)
			BackupInstance (0ms)
			ReleaseScriptingObjects (0ms)
			CreateAndSetChildDomain (1ms)
		EndReloadAssembly (1013ms)
			LoadAssemblies (227ms)
			RebuildTransferFunctionScriptingTraits (0ms)
			SetupTypeCache (255ms)
			ReleaseScriptCaches (0ms)
			RebuildScriptCaches (55ms)
			SetupLoadedEditorAssemblies (614ms)
				LogAssemblyErrors (0ms)
				InitializePlatformSupportModulesInManaged (197ms)
				SetLoadedEditorAssemblies (1ms)
				RefreshPlugins (163ms)
				BeforeProcessingInitializeOnLoad (2ms)
				ProcessInitializeOnLoadAttributes (170ms)
				ProcessInitializeOnLoadMethodAttributes (81ms)
				AfterProcessingInitializeOnLoad (0ms)
				EditorAssembliesLoaded (0ms)
			ExecutionOrderSort2 (0ms)
			AwakeInstancesAfterBackupRestoration (0ms)
Platform modules already initialized, skipping
Registering precompiled user dll's ...
Registered in 0.003976 seconds.
Begin MonoManager ReloadAssembly
Symbol file LoadedFromMemory doesn't match image /Users/gan/Desktop/CardBattle/Library/PackageCache/com.unity.visualscripting@1.7.6/Editor/VisualScripting.Core/Dependencies/YamlDotNet/Unity.VisualScripting.YamlDotNet.dll
Symbol file LoadedFromMemory doesn't match image /Users/gan/Desktop/CardBattle/Library/PackageCache/com.unity.visualscripting@1.7.6/Editor/VisualScripting.Core/Dependencies/DotNetZip/Unity.VisualScripting.IonicZip.dll
Native extension for iOS target not found
Native extension for Android target not found
Native extension for OSXStandalone target not found
Refreshing native plugins compatible for Editor in 1.50 ms, found 2 plugins.
Preloading 0 native plugins for Editor in 0.00 ms.
Mono: successfully reloaded assembly
- Completed reload, in  2.414 seconds
Domain Reload Profiling:
	ReloadAssembly (2415ms)
		BeginReloadAssembly (311ms)
			ExecutionOrderSort (0ms)
			DisableScriptedObjects (12ms)
			BackupInstance (0ms)
			ReleaseScriptingObjects (0ms)
			CreateAndSetChildDomain (167ms)
		EndReloadAssembly (1825ms)
			LoadAssemblies (227ms)
			RebuildTransferFunctionScriptingTraits (1ms)
			SetupTypeCache (642ms)
			ReleaseScriptCaches (6ms)
			RebuildScriptCaches (99ms)
			SetupLoadedEditorAssemblies (726ms)
				LogAssemblyErrors (0ms)
				InitializePlatformSupportModulesInManaged (51ms)
				SetLoadedEditorAssemblies (1ms)
				RefreshPlugins (2ms)
				BeforeProcessingInitializeOnLoad (118ms)
				ProcessInitializeOnLoadAttributes (502ms)
				ProcessInitializeOnLoadMethodAttributes (50ms)
				AfterProcessingInitializeOnLoad (1ms)
				EditorAssembliesLoaded (0ms)
			ExecutionOrderSort2 (0ms)
			AwakeInstancesAfterBackupRestoration (6ms)
Platform modules already initialized, skipping
========================================================================
Worker process is ready to serve import requests
Launching external process: /Applications/Unity/Hub/Editor/2021.3.2f1/Unity.app/Contents/Tools/UnityShaderCompiler
Launched and connected shader compiler UnityShaderCompiler after 0.10 seconds
Refreshing native plugins compatible for Editor in 1.76 ms, found 2 plugins.
Preloading 0 native plugins for Editor in 0.00 ms.
Unloading 3461 Unused Serialized files (Serialized files now loaded: 0)
Unloading 30 unused Assets / (44.1 KB). Loaded Objects now: 3934.
Memory consumption went from 243.2 MB to 243.1 MB.
Total: 5.188210 ms (FindLiveObjects: 0.448956 ms CreateObjectMapping: 0.250433 ms MarkObjects: 4.355947 ms  DeleteObjects: 0.131302 ms)

AssetImportParameters requested are different than current active one (requested -> active):
  custom:video-decoder-ogg-theora: a1e56fd34408186e4bbccfd4996cb3dc -> 
  custom:container-muxer-webm: aa71ff27fc2769a1b78a27578f13a17b -> 
  custom:container-demuxer-webm: 4f35f7cbe854078d1ac9338744f61a02 -> 
  custom:video-encoder-webm-vp8: eb34c28f22e8b96e1ab97ce403110664 -> 
  custom:framework-osx-AVFoundation: e770b220cccbd017edd2c1fefb359320 -> 
  custom:audio-encoder-webm-vorbis: bf7c407c2cedff20999df2af8eb42d56 -> 
  custom:container-demuxer-ogg: 62fdf1f143b41e24485cea50d1cbac27 -> 
  custom:video-decoder-webm-vp8: 9c59270c3fd7afecdb556c50c9e8de78 -> 
  custom:audio-decoder-ogg-vorbis: bf7c407c2cedff20999df2af8eb42d56 -> 
========================================================================
Received Import Request.
  Time since last request: 92590.057735 seconds.
  path: Assets/Resources/CardEntityList/Card 13.asset
  artifactKey: Guid(10c1831ec0e5d4101ab2e551edb9a66b) Importer(815301076,1909f56bfc062723c751e8b465ee728b)
Start importing Assets/Resources/CardEntityList/Card 13.asset using Guid(10c1831ec0e5d4101ab2e551edb9a66b) Importer(815301076,1909f56bfc062723c751e8b465ee728b)  -> (artifact id: 'fe9956b84988b57a853af60cf1d73be1') in 0.270585 seconds 
========================================================================
Received Import Request.
  Time since last request: 0.000123 seconds.
  path: Assets/Resources/CardEntityList/Card 16.asset
  artifactKey: Guid(b78dd90883b034ca29e844067bd09e91) Importer(815301076,1909f56bfc062723c751e8b465ee728b)
Start importing Assets/Resources/CardEntityList/Card 16.asset using Guid(b78dd90883b034ca29e844067bd09e91) Importer(815301076,1909f56bfc062723c751e8b465ee728b)  -> (artifact id: 'dee10ff6e35eb29e78e5338869c55850') in 0.003609 seconds 
========================================================================
Received Import Request.
  Time since last request: 0.000077 seconds.
  path: Assets/Resources/CardEntityList/Card 17.asset
  artifactKey: Guid(877f7c6cc77c74dbe821b007175bd06d) Importer(815301076,1909f56bfc062723c751e8b465ee728b)
Start importing Assets/Resources/CardEntityList/Card 17.asset using Guid(877f7c6cc77c74dbe821b007175bd06d) Importer(815301076,1909f56bfc062723c751e8b465ee728b)  -> (artifact id: 'af25eb9e7b2e8a40377f7945eb8536fc') in 0.002922 seconds 
========================================================================
Received Import Request.
  Time since last request: 0.000107 seconds.
  path: Assets/Resources/CardEntityList/Card 18.asset
  artifactKey: Guid(4b66570f8459f4cbe90e6af4828d506b) Importer(815301076,1909f56bfc062723c751e8b465ee728b)
Start importing Assets/Resources/CardEntityList/Card 18.asset using Guid(4b66570f8459f4cbe90e6af4828d506b) Importer(815301076,1909f56bfc062723c751e8b465ee728b)  -> (artifact id: 'e8d6cfcc5cfe227efed548a1a5d664f5') in 0.003282 seconds 
========================================================================
Received Import Request.
  Time since last request: 0.000106 seconds.
  path: Assets/Resources/CardEntityList/Card 6.asset
  artifactKey: Guid(0a46fcdbec60d48c79e199313cb90d9d) Importer(815301076,1909f56bfc062723c751e8b465ee728b)
Start importing Assets/Resources/CardEntityList/Card 6.asset using Guid(0a46fcdbec60d48c79e199313cb90d9d) Importer(815301076,1909f56bfc062723c751e8b465ee728b)  -> (artifact id: '406340b279ac3376918338a52e77c2d1') in 0.003278 seconds 
========================================================================
Received Import Request.
  Time since last request: 0.000103 seconds.
  path: Assets/Resources/CardEntityList/Card 7.asset
  artifactKey: Guid(371a40d4d2a0944d49622ded550bf77f) Importer(815301076,1909f56bfc062723c751e8b465ee728b)
Start importing Assets/Resources/CardEntityList/Card 7.asset using Guid(371a40d4d2a0944d49622ded550bf77f) Importer(815301076,1909f56bfc062723c751e8b465ee728b)  -> (artifact id: '697fa747e3db35031dad0e4fd6b1491f') in 0.003034 seconds 
========================================================================
Received Import Request.
  Time since last request: 0.000114 seconds.
  path: Assets/Resources/CardEntityList/Card 12.asset
  artifactKey: Guid(76cb2882ca9a948d59452f6dfe224495) Importer(815301076,1909f56bfc062723c751e8b465ee728b)
Start importing Assets/Resources/CardEntityList/Card 12.asset using Guid(76cb2882ca9a948d59452f6dfe224495) Importer(815301076,1909f56bfc062723c751e8b465ee728b)  -> (artifact id: '5cd3ffab273653f2621fa9d392e38237') in 0.003120 seconds 
========================================================================
Received Import Request.
  Time since last request: 106.778125 seconds.
  path: Assets/AssetPack/Modular Cards/Sprite Texture Folder/Details.png
  artifactKey: Guid(b2713bbf286ea3b4d8cf4478d348ee16) Importer(815301076,1909f56bfc062723c751e8b465ee728b)
Start importing Assets/AssetPack/Modular Cards/Sprite Texture Folder/Details.png using Guid(b2713bbf286ea3b4d8cf4478d348ee16) Importer(815301076,1909f56bfc062723c751e8b465ee728b)  -> (artifact id: '3276087bc8d9ccb3963515d3616baf4f') in 1.166786 seconds 
========================================================================
Received Import Request.
  Time since last request: 165.413873 seconds.
  path: Assets/Resources/CardEntityList/Card 2.asset
  artifactKey: Guid(be9f3252c73d34d8c9cc9390b4080a26) Importer(815301076,1909f56bfc062723c751e8b465ee728b)
Start importing Assets/Resources/CardEntityList/Card 2.asset using Guid(be9f3252c73d34d8c9cc9390b4080a26) Importer(815301076,1909f56bfc062723c751e8b465ee728b)  -> (artifact id: '011b5faca3d26af9f5d94b7cdff10630') in 0.003754 seconds 
========================================================================
Received Import Request.
  Time since last request: 0.000120 seconds.
  path: Assets/Resources/CardEntityList/Card 3.asset
  artifactKey: Guid(134f9d9da04b2423685bc1f44368a81a) Importer(815301076,1909f56bfc062723c751e8b465ee728b)
Start importing Assets/Resources/CardEntityList/Card 3.asset using Guid(134f9d9da04b2423685bc1f44368a81a) Importer(815301076,1909f56bfc062723c751e8b465ee728b)  -> (artifact id: '143ede6bc3ab30e50962782926c5f323') in 0.003151 seconds 
========================================================================
Received Import Request.
  Time since last request: 0.000117 seconds.
  path: Assets/Resources/CardEntityList/Card 21.asset
  artifactKey: Guid(d5c91e028d91547b9911cfef61462dfd) Importer(815301076,1909f56bfc062723c751e8b465ee728b)
Start importing Assets/Resources/CardEntityList/Card 21.asset using Guid(d5c91e028d91547b9911cfef61462dfd) Importer(815301076,1909f56bfc062723c751e8b465ee728b)  -> (artifact id: 'e1dc11d7f16f9fc4bedebbd4f69b4dd2') in 0.003773 seconds 
========================================================================
Received Import Request.
  Time since last request: 0.000082 seconds.
  path: Assets/Resources/CardEntityList/Card 11.asset
  artifactKey: Guid(e68f5edef75ec40a7a63664d148df551) Importer(815301076,1909f56bfc062723c751e8b465ee728b)
Start importing Assets/Resources/CardEntityList/Card 11.asset using Guid(e68f5edef75ec40a7a63664d148df551) Importer(815301076,1909f56bfc062723c751e8b465ee728b)  -> (artifact id: 'fbdfb135ff06f7af79954ad80b00ceaa') in 0.002527 seconds 
========================================================================
Received Import Request.
  Time since last request: 0.000089 seconds.
  path: Assets/Resources/CardEntityList/Card 14.asset
  artifactKey: Guid(313ca43f5aa534e3f8bdafa92ee2dd92) Importer(815301076,1909f56bfc062723c751e8b465ee728b)
Start importing Assets/Resources/CardEntityList/Card 14.asset using Guid(313ca43f5aa534e3f8bdafa92ee2dd92) Importer(815301076,1909f56bfc062723c751e8b465ee728b)  -> (artifact id: '30a1bfe7570a0adfe9d7a103929009b1') in 0.002280 seconds 
========================================================================
Received Import Request.
  Time since last request: 0.000092 seconds.
  path: Assets/Resources/CardEntityList/Card 8.asset
  artifactKey: Guid(93e4d3ee236474fde943853ff3fddd53) Importer(815301076,1909f56bfc062723c751e8b465ee728b)
Start importing Assets/Resources/CardEntityList/Card 8.asset using Guid(93e4d3ee236474fde943853ff3fddd53) Importer(815301076,1909f56bfc062723c751e8b465ee728b)  -> (artifact id: 'd0b5d749aebf76066c580125df05c10e') in 0.002194 seconds 
========================================================================
Received Import Request.
  Time since last request: 0.000119 seconds.
  path: Assets/Resources/CardEntityList/Card 19.asset
  artifactKey: Guid(4c2276ef9ecea4961a2ca8828e16129f) Importer(815301076,1909f56bfc062723c751e8b465ee728b)
Start importing Assets/Resources/CardEntityList/Card 19.asset using Guid(4c2276ef9ecea4961a2ca8828e16129f) Importer(815301076,1909f56bfc062723c751e8b465ee728b)  -> (artifact id: 'cdedbf62607043fdff025b3987d5f4d1') in 0.003036 seconds 
========================================================================
Received Import Request.
  Time since last request: 0.000089 seconds.
  path: Assets/Resources/CardEntityList/Card 6.asset
  artifactKey: Guid(0a46fcdbec60d48c79e199313cb90d9d) Importer(815301076,1909f56bfc062723c751e8b465ee728b)
Start importing Assets/Resources/CardEntityList/Card 6.asset using Guid(0a46fcdbec60d48c79e199313cb90d9d) Importer(815301076,1909f56bfc062723c751e8b465ee728b)  -> (artifact id: '72bef2669b96d866c95554abe85d340a') in 0.003352 seconds 
========================================================================
Received Import Request.
  Time since last request: 0.000075 seconds.
  path: Assets/Resources/CardEntityList/Card 7.asset
  artifactKey: Guid(371a40d4d2a0944d49622ded550bf77f) Importer(815301076,1909f56bfc062723c751e8b465ee728b)
Start importing Assets/Resources/CardEntityList/Card 7.asset using Guid(371a40d4d2a0944d49622ded550bf77f) Importer(815301076,1909f56bfc062723c751e8b465ee728b)  -> (artifact id: '387428ba626e629dbd308d7b7a2c92bc') in 0.002319 seconds 
========================================================================
Received Import Request.
  Time since last request: 0.000071 seconds.
  path: Assets/Resources/CardEntityList/Card 9.asset
  artifactKey: Guid(68d0d09e3aef941d2812122c232cf38e) Importer(815301076,1909f56bfc062723c751e8b465ee728b)
Start importing Assets/Resources/CardEntityList/Card 9.asset using Guid(68d0d09e3aef941d2812122c232cf38e) Importer(815301076,1909f56bfc062723c751e8b465ee728b)  -> (artifact id: 'fedb1156540acf3e0c377114ca620773') in 0.002608 seconds 
========================================================================
Received Import Request.
  Time since last request: 51.350216 seconds.
  path: Assets/Resources/CardEntityList/Card 19.asset
  artifactKey: Guid(4c2276ef9ecea4961a2ca8828e16129f) Importer(815301076,1909f56bfc062723c751e8b465ee728b)
Start importing Assets/Resources/CardEntityList/Card 19.asset using Guid(4c2276ef9ecea4961a2ca8828e16129f) Importer(815301076,1909f56bfc062723c751e8b465ee728b)  -> (artifact id: 'a66bb284cbfc93b215def78f2576efd4') in 0.003641 seconds 
========================================================================
Received Import Request.
  Time since last request: 0.000125 seconds.
  path: Assets/Resources/CardEntityList/Card 21.asset
  artifactKey: Guid(e7b9f78bf32354bbcb157f2eb6191ae6) Importer(815301076,1909f56bfc062723c751e8b465ee728b)
Start importing Assets/Resources/CardEntityList/Card 21.asset using Guid(e7b9f78bf32354bbcb157f2eb6191ae6) Importer(815301076,1909f56bfc062723c751e8b465ee728b)  -> (artifact id: '3053c0538a8ed63e84e9381324574779') in 0.003695 seconds 
========================================================================
Received Import Request.
  Time since last request: 0.000112 seconds.
  path: Assets/Resources/CardEntityList/Card 22.asset
  artifactKey: Guid(a46e5e2e44c2942f49ad7fe2ab0676fd) Importer(815301076,1909f56bfc062723c751e8b465ee728b)
Start importing Assets/Resources/CardEntityList/Card 22.asset using Guid(a46e5e2e44c2942f49ad7fe2ab0676fd) Importer(815301076,1909f56bfc062723c751e8b465ee728b)  -> (artifact id: 'd2bc7e8dfbb2f45e653f31049a150c60') in 0.003984 seconds 
========================================================================
Received Import Request.
  Time since last request: 0.000150 seconds.
  path: Assets/Resources/CardEntityList/Card 24.asset
  artifactKey: Guid(135ace896e612412284cfc70d29c59b7) Importer(815301076,1909f56bfc062723c751e8b465ee728b)
Start importing Assets/Resources/CardEntityList/Card 24.asset using Guid(135ace896e612412284cfc70d29c59b7) Importer(815301076,1909f56bfc062723c751e8b465ee728b)  -> (artifact id: '0e238f3590aa573c28da5e0be293245e') in 0.004276 seconds 
Editor requested this worker to shutdown with reason: Scaling down because of idle timeout
AssetImportWorker is now disconnected from the server
Process exiting
