Using pre-set license
Built from '2021.3/staging' branch; Version is '2021.3.2f1 (d6360bedb9a0) revision 14038539'; Using compiler version '192829333'; Build Type 'Release'
OS: 'Windows 11  (10.0.22621) 64bit Core' Language: 'ja' Physical Memory: 32604 MB
BatchMode: 1, IsHumanControllingUs: 0, StartBugReporterOnCrash: 0, Is64bit: 1, IsPro: 1

COMMAND LINE ARGUMENTS:
C:\Program Files\Unity\Hub\Editor\2021.3.2f1\Editor\Unity.exe
-adb2
-batchMode
-noUpm
-name
AssetImportWorker5
-projectPath
C:/UnityProjects/CardBattle
-logFile
Logs/AssetImportWorker5.log
-srvPort
55421
Successfully changed project path to: C:/UnityProjects/CardBattle
C:/UnityProjects/CardBattle
[UnityMemory] Configuration Parameters - Can be set up in boot.config
    "memorysetup-bucket-allocator-granularity=16"
    "memorysetup-bucket-allocator-bucket-count=8"
    "memorysetup-bucket-allocator-block-size=33554432"
    "memorysetup-bucket-allocator-block-count=8"
    "memorysetup-main-allocator-block-size=16777216"
    "memorysetup-thread-allocator-block-size=16777216"
    "memorysetup-gfx-main-allocator-block-size=16777216"
    "memorysetup-gfx-thread-allocator-block-size=16777216"
    "memorysetup-cache-allocator-block-size=4194304"
    "memorysetup-typetree-allocator-block-size=2097152"
    "memorysetup-profiler-bucket-allocator-granularity=16"
    "memorysetup-profiler-bucket-allocator-bucket-count=8"
    "memorysetup-profiler-bucket-allocator-block-size=33554432"
    "memorysetup-profiler-bucket-allocator-block-count=8"
    "memorysetup-profiler-allocator-block-size=16777216"
    "memorysetup-profiler-editor-allocator-block-size=1048576"
    "memorysetup-temp-allocator-size-main=16777216"
    "memorysetup-job-temp-allocator-block-size=2097152"
    "memorysetup-job-temp-allocator-block-size-background=1048576"
    "memorysetup-job-temp-allocator-reduction-small-platforms=262144"
    "memorysetup-temp-allocator-size-background-worker=32768"
    "memorysetup-temp-allocator-size-job-worker=262144"
    "memorysetup-temp-allocator-size-preload-manager=33554432"
    "memorysetup-temp-allocator-size-nav-mesh-worker=65536"
    "memorysetup-temp-allocator-size-audio-worker=65536"
    "memorysetup-temp-allocator-size-cloud-worker=32768"
    "memorysetup-temp-allocator-size-gi-baking-worker=262144"
    "memorysetup-temp-allocator-size-gfx=262144"
Refreshing native plugins compatible for Editor in 71.02 ms, found 3 plugins.
Preloading 0 native plugins for Editor in 0.00 ms.
Initialize engine version: 2021.3.2f1 (d6360bedb9a0)
[Subsystems] Discovering subsystems at path C:/Program Files/Unity/Hub/Editor/2021.3.2f1/Editor/Data/Resources/UnitySubsystems
[Subsystems] Discovering subsystems at path C:/UnityProjects/CardBattle/Assets
GfxDevice: creating device client; threaded=0; jobified=0
Direct3D:
    Version:  Direct3D 11.0 [level 11.1]
    Renderer: NVIDIA GeForce RTX 3080 (ID=0x2216)
    Vendor:   NVIDIA
    VRAM:     10067 MB
    Driver:   31.0.15.2802
Initialize mono
Mono path[0] = 'C:/Program Files/Unity/Hub/Editor/2021.3.2f1/Editor/Data/Managed'
Mono path[1] = 'C:/Program Files/Unity/Hub/Editor/2021.3.2f1/Editor/Data/MonoBleedingEdge/lib/mono/unityjit-win32'
Mono config path = 'C:/Program Files/Unity/Hub/Editor/2021.3.2f1/Editor/Data/MonoBleedingEdge/etc'
Using monoOptions --debugger-agent=transport=dt_socket,embedding=1,server=y,suspend=n,address=127.0.0.1:56364
Begin MonoManager ReloadAssembly
Registering precompiled unity dll's ...
Register platform support module: C:/Program Files/Unity/Hub/Editor/2021.3.2f1/Editor/Data/PlaybackEngines/AndroidPlayer/UnityEditor.Android.Extensions.dll
Register platform support module: C:/Program Files/Unity/Hub/Editor/2021.3.2f1/Editor/Data/PlaybackEngines/iOSSupport/UnityEditor.iOS.Extensions.dll
Register platform support module: C:/Program Files/Unity/Hub/Editor/2021.3.2f1/Editor/Data/PlaybackEngines/WindowsStandaloneSupport/UnityEditor.WindowsStandalone.Extensions.dll
Registered in 0.002878 seconds.
Native extension for WindowsStandalone target not found
[usbmuxd] Start listen thread
[usbmuxd] Listen thread started
Native extension for iOS target not found
Native extension for Android target not found
Refreshing native plugins compatible for Editor in 61.02 ms, found 3 plugins.
Preloading 0 native plugins for Editor in 0.00 ms.
Mono: successfully reloaded assembly
- Completed reload, in  0.455 seconds
Domain Reload Profiling:
	ReloadAssembly (456ms)
		BeginReloadAssembly (66ms)
			ExecutionOrderSort (0ms)
			DisableScriptedObjects (0ms)
			BackupInstance (0ms)
			ReleaseScriptingObjects (0ms)
			CreateAndSetChildDomain (0ms)
		EndReloadAssembly (324ms)
			LoadAssemblies (65ms)
			RebuildTransferFunctionScriptingTraits (0ms)
			SetupTypeCache (68ms)
			ReleaseScriptCaches (0ms)
			RebuildScriptCaches (22ms)
			SetupLoadedEditorAssemblies (200ms)
				LogAssemblyErrors (0ms)
				InitializePlatformSupportModulesInManaged (44ms)
				SetLoadedEditorAssemblies (0ms)
				RefreshPlugins (61ms)
				BeforeProcessingInitializeOnLoad (1ms)
				ProcessInitializeOnLoadAttributes (64ms)
				ProcessInitializeOnLoadMethodAttributes (30ms)
				AfterProcessingInitializeOnLoad (0ms)
				EditorAssembliesLoaded (0ms)
			ExecutionOrderSort2 (0ms)
			AwakeInstancesAfterBackupRestoration (0ms)
Platform modules already initialized, skipping
Registering precompiled user dll's ...
Registered in 0.003588 seconds.
Begin MonoManager ReloadAssembly
Symbol file LoadedFromMemory doesn't match image C:\UnityProjects\CardBattle\Library\PackageCache\com.unity.visualscripting@1.7.6\Editor\VisualScripting.Core\Dependencies\YamlDotNet\Unity.VisualScripting.YamlDotNet.dll
Symbol file LoadedFromMemory doesn't match image C:\UnityProjects\CardBattle\Library\PackageCache\com.unity.visualscripting@1.7.6\Editor\VisualScripting.Core\Dependencies\DotNetZip\Unity.VisualScripting.IonicZip.dll
Native extension for WindowsStandalone target not found
Native extension for iOS target not found
Native extension for Android target not found
Refreshing native plugins compatible for Editor in 0.76 ms, found 3 plugins.
Preloading 0 native plugins for Editor in 0.00 ms.
Mono: successfully reloaded assembly
- Completed reload, in  0.809 seconds
Domain Reload Profiling:
	ReloadAssembly (810ms)
		BeginReloadAssembly (187ms)
			ExecutionOrderSort (0ms)
			DisableScriptedObjects (6ms)
			BackupInstance (0ms)
			ReleaseScriptingObjects (0ms)
			CreateAndSetChildDomain (116ms)
		EndReloadAssembly (551ms)
			LoadAssemblies (48ms)
			RebuildTransferFunctionScriptingTraits (0ms)
			SetupTypeCache (203ms)
			ReleaseScriptCaches (0ms)
			RebuildScriptCaches (34ms)
			SetupLoadedEditorAssemblies (236ms)
				LogAssemblyErrors (0ms)
				InitializePlatformSupportModulesInManaged (17ms)
				SetLoadedEditorAssemblies (0ms)
				RefreshPlugins (1ms)
				BeforeProcessingInitializeOnLoad (48ms)
				ProcessInitializeOnLoadAttributes (150ms)
				ProcessInitializeOnLoadMethodAttributes (17ms)
				AfterProcessingInitializeOnLoad (3ms)
				EditorAssembliesLoaded (0ms)
			ExecutionOrderSort2 (0ms)
			AwakeInstancesAfterBackupRestoration (5ms)
Platform modules already initialized, skipping
========================================================================
Worker process is ready to serve import requests
Launched and connected shader compiler UnityShaderCompiler.exe after 0.03 seconds
Refreshing native plugins compatible for Editor in 0.64 ms, found 3 plugins.
Preloading 0 native plugins for Editor in 0.00 ms.
Unloading 3408 Unused Serialized files (Serialized files now loaded: 0)
Unloading 30 unused Assets / (56.9 KB). Loaded Objects now: 3896.
Memory consumption went from 134.3 MB to 134.2 MB.
Total: 2.341000 ms (FindLiveObjects: 0.172400 ms CreateObjectMapping: 0.084100 ms MarkObjects: 2.026500 ms  DeleteObjects: 0.057200 ms)

AssetImportParameters requested are different than current active one (requested -> active):
  custom:video-decoder-ogg-theora: a1e56fd34408186e4bbccfd4996cb3dc -> 
  custom:container-muxer-webm: aa71ff27fc2769a1b78a27578f13a17b -> 
  custom:container-demuxer-webm: 4f35f7cbe854078d1ac9338744f61a02 -> 
  custom:video-encoder-webm-vp8: eb34c28f22e8b96e1ab97ce403110664 -> 
  custom:audio-encoder-webm-vorbis: bf7c407c2cedff20999df2af8eb42d56 -> 
  custom:framework-win-MediaFoundation: 216162199b28c13a410421893ffa2e32 -> 
  custom:container-demuxer-ogg: 62fdf1f143b41e24485cea50d1cbac27 -> 
  custom:video-decoder-webm-vp8: 9c59270c3fd7afecdb556c50c9e8de78 -> 
  custom:audio-decoder-ogg-vorbis: bf7c407c2cedff20999df2af8eb42d56 -> 
========================================================================
Received Import Request.
  Time since last request: 135386.021860 seconds.
  path: Assets/AssetPack/Wand and Circles/Stylized Dungeon Pack/Prefabs/Cave Props/Crystals/Crystal_1.prefab
  artifactKey: Guid(bcac26c8c7779a144b8be994cb2a1d0d) Importer(815301076,1909f56bfc062723c751e8b465ee728b)
Start importing Assets/AssetPack/Wand and Circles/Stylized Dungeon Pack/Prefabs/Cave Props/Crystals/Crystal_1.prefab using Guid(bcac26c8c7779a144b8be994cb2a1d0d) Importer(815301076,1909f56bfc062723c751e8b465ee728b)  -> (artifact id: '96dd7bff390415a504e2308b7a336ee9') in 0.092490 seconds 
========================================================================
Received Import Request.
  Time since last request: 1.287295 seconds.
  path: Assets/AssetPack/Wand and Circles/Stylized Dungeon Pack/Prefabs/Cave Props/Crystals/Color D/Crystal_1.prefab
  artifactKey: Guid(0e77b4db313f51e4e8918eee6a8ae657) Importer(815301076,1909f56bfc062723c751e8b465ee728b)
Start importing Assets/AssetPack/Wand and Circles/Stylized Dungeon Pack/Prefabs/Cave Props/Crystals/Color D/Crystal_1.prefab using Guid(0e77b4db313f51e4e8918eee6a8ae657) Importer(815301076,1909f56bfc062723c751e8b465ee728b)  -> (artifact id: '97a93b1ce1a4daee1588b23416202133') in 0.008960 seconds 
========================================================================
Received Import Request.
  Time since last request: 0.000013 seconds.
  path: Assets/AssetPack/Wand and Circles/Stylized Dungeon Pack/Prefabs/Cave Props/Crystals/Color D/Crystal_9.prefab
  artifactKey: Guid(b475e54f2c5300c4a8ddfde2d2c0a72d) Importer(815301076,1909f56bfc062723c751e8b465ee728b)
Start importing Assets/AssetPack/Wand and Circles/Stylized Dungeon Pack/Prefabs/Cave Props/Crystals/Color D/Crystal_9.prefab using Guid(b475e54f2c5300c4a8ddfde2d2c0a72d) Importer(815301076,1909f56bfc062723c751e8b465ee728b)  -> (artifact id: '49ed6ca60838236e47fabf780c4e6d8d') in 0.012699 seconds 
========================================================================
Received Import Request.
  Time since last request: 0.000020 seconds.
  path: Assets/AssetPack/Wand and Circles/Stylized Dungeon Pack/Prefabs/Cave Props/Crystals/Color D/Crystal_4.prefab
  artifactKey: Guid(fa3a8076a46577e48800b40a49645a54) Importer(815301076,1909f56bfc062723c751e8b465ee728b)
Start importing Assets/AssetPack/Wand and Circles/Stylized Dungeon Pack/Prefabs/Cave Props/Crystals/Color D/Crystal_4.prefab using Guid(fa3a8076a46577e48800b40a49645a54) Importer(815301076,1909f56bfc062723c751e8b465ee728b)  -> (artifact id: '561362c74b2fbda9c0c59c3b6a1a9a19') in 0.014641 seconds 
========================================================================
Received Import Request.
  Time since last request: 0.000022 seconds.
  path: Assets/AssetPack/Wand and Circles/Stylized Dungeon Pack/Prefabs/Cave Props/Crystals/Color D/Crystal_19.prefab
  artifactKey: Guid(6877ee57e74d0ea42b07b0ff063ca523) Importer(815301076,1909f56bfc062723c751e8b465ee728b)
Start importing Assets/AssetPack/Wand and Circles/Stylized Dungeon Pack/Prefabs/Cave Props/Crystals/Color D/Crystal_19.prefab using Guid(6877ee57e74d0ea42b07b0ff063ca523) Importer(815301076,1909f56bfc062723c751e8b465ee728b)  -> (artifact id: '4a270b5c50ae1ec779f752f41b73a04b') in 0.017441 seconds 
========================================================================
Received Import Request.
  Time since last request: 0.000021 seconds.
  path: Assets/AssetPack/Wand and Circles/Stylized Dungeon Pack/Prefabs/Cave Props/Crystals/Color D/Crystal_36.prefab
  artifactKey: Guid(6e9f6a134f4a4f149b8637dfd0fee7c6) Importer(815301076,1909f56bfc062723c751e8b465ee728b)
Start importing Assets/AssetPack/Wand and Circles/Stylized Dungeon Pack/Prefabs/Cave Props/Crystals/Color D/Crystal_36.prefab using Guid(6e9f6a134f4a4f149b8637dfd0fee7c6) Importer(815301076,1909f56bfc062723c751e8b465ee728b)  -> (artifact id: 'f7bb9dd0afc6719eeb7f2d0310d8338f') in 0.007578 seconds 
========================================================================
Received Import Request.
  Time since last request: 0.000020 seconds.
  path: Assets/AssetPack/Wand and Circles/Stylized Dungeon Pack/Prefabs/Cave Props/Crystals/Color D/Crystal_6.prefab
  artifactKey: Guid(b03f4b42b76ae4a47880d7fa83a7b84a) Importer(815301076,1909f56bfc062723c751e8b465ee728b)
Start importing Assets/AssetPack/Wand and Circles/Stylized Dungeon Pack/Prefabs/Cave Props/Crystals/Color D/Crystal_6.prefab using Guid(b03f4b42b76ae4a47880d7fa83a7b84a) Importer(815301076,1909f56bfc062723c751e8b465ee728b)  -> (artifact id: '6084841d93bb473b7253026ba9fb31ee') in 0.008296 seconds 
========================================================================
Received Import Request.
  Time since last request: 0.000018 seconds.
  path: Assets/AssetPack/Wand and Circles/Stylized Dungeon Pack/Prefabs/Cave Props/Crystals/Color D/Crystal_5.prefab
  artifactKey: Guid(6c57c14c810dae84290a75d4ba5aaf9f) Importer(815301076,1909f56bfc062723c751e8b465ee728b)
Start importing Assets/AssetPack/Wand and Circles/Stylized Dungeon Pack/Prefabs/Cave Props/Crystals/Color D/Crystal_5.prefab using Guid(6c57c14c810dae84290a75d4ba5aaf9f) Importer(815301076,1909f56bfc062723c751e8b465ee728b)  -> (artifact id: '4f2c700fe4ffddcef0b86dcd72cc6f5e') in 0.014257 seconds 
========================================================================
Received Import Request.
  Time since last request: 0.000016 seconds.
  path: Assets/AssetPack/Wand and Circles/Stylized Dungeon Pack/Prefabs/Cave Props/Crystals/Color D/Crystal_31.prefab
  artifactKey: Guid(b85e9519ef5bff44eb24164ef8acf55e) Importer(815301076,1909f56bfc062723c751e8b465ee728b)
Start importing Assets/AssetPack/Wand and Circles/Stylized Dungeon Pack/Prefabs/Cave Props/Crystals/Color D/Crystal_31.prefab using Guid(b85e9519ef5bff44eb24164ef8acf55e) Importer(815301076,1909f56bfc062723c751e8b465ee728b)  -> (artifact id: 'e855c93b4ab5003911d17a00a8325f33') in 0.020578 seconds 
========================================================================
Received Import Request.
  Time since last request: 0.000016 seconds.
  path: Assets/AssetPack/Wand and Circles/Stylized Dungeon Pack/Prefabs/Cave Props/Crystals/Color D/Crystal_37.prefab
  artifactKey: Guid(797257c80f54e9d4ab32cba349315c1f) Importer(815301076,1909f56bfc062723c751e8b465ee728b)
Start importing Assets/AssetPack/Wand and Circles/Stylized Dungeon Pack/Prefabs/Cave Props/Crystals/Color D/Crystal_37.prefab using Guid(797257c80f54e9d4ab32cba349315c1f) Importer(815301076,1909f56bfc062723c751e8b465ee728b)  -> (artifact id: '80188f8f39c577f43cc9ae7a7d2b2a38') in 0.009326 seconds 
========================================================================
Received Import Request.
  Time since last request: 0.000016 seconds.
  path: Assets/AssetPack/Wand and Circles/Stylized Dungeon Pack/Prefabs/Cave Props/Crystals/Color D/Crystal_29.prefab
  artifactKey: Guid(6a60c18e5b9e88b4caf971e6697fbaeb) Importer(815301076,1909f56bfc062723c751e8b465ee728b)
Start importing Assets/AssetPack/Wand and Circles/Stylized Dungeon Pack/Prefabs/Cave Props/Crystals/Color D/Crystal_29.prefab using Guid(6a60c18e5b9e88b4caf971e6697fbaeb) Importer(815301076,1909f56bfc062723c751e8b465ee728b)  -> (artifact id: '51e88347d5b931763c2efe8328440e74') in 0.013434 seconds 
========================================================================
Received Import Request.
  Time since last request: 0.000025 seconds.
  path: Assets/AssetPack/Wand and Circles/Stylized Dungeon Pack/Prefabs/Cave Props/Crystals/Color D/Crystal_38.prefab
  artifactKey: Guid(d2c22bb3d5b734b4c9ae261d013c1562) Importer(815301076,1909f56bfc062723c751e8b465ee728b)
Start importing Assets/AssetPack/Wand and Circles/Stylized Dungeon Pack/Prefabs/Cave Props/Crystals/Color D/Crystal_38.prefab using Guid(d2c22bb3d5b734b4c9ae261d013c1562) Importer(815301076,1909f56bfc062723c751e8b465ee728b)  -> (artifact id: '7835fd3d9bf46b231c85ae590c66ab8e') in 0.015308 seconds 
========================================================================
Received Import Request.
  Time since last request: 0.472210 seconds.
  path: Assets/AssetPack/Wand and Circles/Stylized Dungeon Pack/Prefabs/Cave Props/Crystals/Color D/Crystal_42.prefab
  artifactKey: Guid(5d68ff9070d12274c8b34e99a6855670) Importer(815301076,1909f56bfc062723c751e8b465ee728b)
Start importing Assets/AssetPack/Wand and Circles/Stylized Dungeon Pack/Prefabs/Cave Props/Crystals/Color D/Crystal_42.prefab using Guid(5d68ff9070d12274c8b34e99a6855670) Importer(815301076,1909f56bfc062723c751e8b465ee728b)  -> (artifact id: '3c66a247113e9cdad7648324fec3fd75') in 0.007350 seconds 
========================================================================
Received Import Request.
  Time since last request: 0.000019 seconds.
  path: Assets/AssetPack/Wand and Circles/Stylized Dungeon Pack/Prefabs/Cave Props/Crystals/Color D/Crystal_45.prefab
  artifactKey: Guid(c4ab1915efbef534985518df26f7d8b4) Importer(815301076,1909f56bfc062723c751e8b465ee728b)
Start importing Assets/AssetPack/Wand and Circles/Stylized Dungeon Pack/Prefabs/Cave Props/Crystals/Color D/Crystal_45.prefab using Guid(c4ab1915efbef534985518df26f7d8b4) Importer(815301076,1909f56bfc062723c751e8b465ee728b)  -> (artifact id: '8d8f5539a9a21df570db36a35e96f241') in 0.009681 seconds 
========================================================================
Received Import Request.
  Time since last request: 0.003331 seconds.
  path: Assets/AssetPack/Wand and Circles/Stylized Dungeon Pack/Prefabs/Cave Props/Crystals/Color D/Crystal_48.prefab
  artifactKey: Guid(5312646585d3c2e429615e24c3b0300b) Importer(815301076,1909f56bfc062723c751e8b465ee728b)
Start importing Assets/AssetPack/Wand and Circles/Stylized Dungeon Pack/Prefabs/Cave Props/Crystals/Color D/Crystal_48.prefab using Guid(5312646585d3c2e429615e24c3b0300b) Importer(815301076,1909f56bfc062723c751e8b465ee728b)  -> (artifact id: '0dc4549cf184ad4bcb14aa0744921ffe') in 0.007457 seconds 
